<?xml version="1.0" encoding="UTF-8"?>
<testsuite xmlns:xsi="http://www.w3.org/2001/XMLSchema-instance" xsi:noNamespaceSchemaLocation="https://maven.apache.org/surefire/maven-surefire-plugin/xsd/surefire-test-report-3.0.xsd" version="3.0" name="com.fastermaker.modules.system.laboratory.ConfigLoadOrderTests" time="7.188" tests="1" errors="0" skipped="0" failures="0">
  <properties>
[...]
</properties>
  <testcase name="testConfigLoadOrder(ApplicationContext)" classname="com.fastermaker.modules.system.laboratory.ConfigLoadOrderTests" time="1.012">
    <system-out><![CDATA[12:03:01.265 [main] INFO org.springframework.test.context.support.AnnotationConfigContextLoaderUtils -- Could not detect default configuration classes for test class [com.fastermaker.modules.system.laboratory.ConfigLoadOrderTests]: ConfigLoadOrderTests does not declare any static, non-private, non-final, nested classes annotated with @Configuration.
12:03:01.433 [main] INFO org.springframework.boot.test.context.SpringBootTestContextBootstrapper -- Found @SpringBootConfiguration com.fastermaker.FasterMakerApplication for test class com.fastermaker.modules.system.laboratory.ConfigLoadOrderTests
12:03:01,125 |-INFO in ch.qos.logback.classic.LoggerContext[default] - This is logback-classic version 1.5.6
12:03:01,125 |-INFO in ch.qos.logback.classic.util.ContextInitializer@2b87581 - Here is a list of configurators discovered as a service, by rank: 
12:03:01,125 |-INFO in ch.qos.logback.classic.util.ContextInitializer@2b87581 -   org.springframework.boot.logging.logback.RootLogLevelConfigurator
12:03:01,125 |-INFO in ch.qos.logback.classic.util.ContextInitializer@2b87581 - They will be invoked in order until ExecutionStatus.DO_NOT_INVOKE_NEXT_IF_ANY is returned.
12:03:01,125 |-INFO in ch.qos.logback.classic.util.ContextInitializer@2b87581 - Constructed configurator of type class org.springframework.boot.logging.logback.RootLogLevelConfigurator
12:03:01,140 |-INFO in ch.qos.logback.classic.util.ContextInitializer@2b87581 - org.springframework.boot.logging.logback.RootLogLevelConfigurator.configure() call lasted 0 milliseconds. ExecutionStatus=INVOKE_NEXT_IF_ANY
12:03:01,140 |-INFO in ch.qos.logback.classic.util.ContextInitializer@2b87581 - Trying to configure with ch.qos.logback.classic.joran.SerializedModelConfigurator
12:03:01,140 |-INFO in ch.qos.logback.classic.util.ContextInitializer@2b87581 - Constructed configurator of type class ch.qos.logback.classic.joran.SerializedModelConfigurator
12:03:01,140 |-INFO in ch.qos.logback.classic.LoggerContext[default] - Could NOT find resource [logback-test.scmo]
12:03:01,140 |-INFO in ch.qos.logback.classic.LoggerContext[default] - Could NOT find resource [logback.scmo]
12:03:01,140 |-INFO in ch.qos.logback.classic.util.ContextInitializer@2b87581 - ch.qos.logback.classic.joran.SerializedModelConfigurator.configure() call lasted 0 milliseconds. ExecutionStatus=INVOKE_NEXT_IF_ANY
12:03:01,140 |-INFO in ch.qos.logback.classic.util.ContextInitializer@2b87581 - Trying to configure with ch.qos.logback.classic.util.DefaultJoranConfigurator
12:03:01,140 |-INFO in ch.qos.logback.classic.util.ContextInitializer@2b87581 - Constructed configurator of type class ch.qos.logback.classic.util.DefaultJoranConfigurator
12:03:01,140 |-INFO in ch.qos.logback.classic.LoggerContext[default] - Could NOT find resource [logback-test.xml]
12:03:01,140 |-INFO in ch.qos.logback.classic.LoggerContext[default] - Could NOT find resource [logback.xml]
12:03:01,140 |-INFO in ch.qos.logback.classic.util.ContextInitializer@2b87581 - ch.qos.logback.classic.util.DefaultJoranConfigurator.configure() call lasted 0 milliseconds. ExecutionStatus=INVOKE_NEXT_IF_ANY
12:03:01,140 |-INFO in ch.qos.logback.classic.util.ContextInitializer@2b87581 - Trying to configure with ch.qos.logback.classic.BasicConfigurator
12:03:01,140 |-INFO in ch.qos.logback.classic.util.ContextInitializer@2b87581 - Constructed configurator of type class ch.qos.logback.classic.BasicConfigurator
12:03:01,140 |-INFO in ch.qos.logback.classic.BasicConfigurator@66434cc8 - Setting up default configuration.
12:03:01,156 |-INFO in ch.qos.logback.classic.util.ContextInitializer@2b87581 - ch.qos.logback.classic.BasicConfigurator.configure() call lasted 16 milliseconds. ExecutionStatus=NEUTRAL
12:03:01,978 |-INFO in ch.qos.logback.core.joran.util.ConfigurationWatchListUtil@42f22995 - Adding [jar:file:/C:/Users/HONOR/.m2/repository/org/springframework/boot/spring-boot/3.3.1/spring-boot-3.3.1.jar!/org/springframework/boot/logging/logback/defaults.xml] to configuration watch list.
12:03:01,978 |-INFO in ch.qos.logback.core.joran.spi.ConfigurationWatchList@693e4d19 - URL [jar:file:/C:/Users/HONOR/.m2/repository/org/springframework/boot/spring-boot/3.3.1/spring-boot-3.3.1.jar!/org/springframework/boot/logging/logback/defaults.xml] is not of type file
12:03:01,978 |-INFO in ch.qos.logback.core.joran.action.ConversionRuleAction - registering conversion word applicationName with class [org.springframework.boot.logging.logback.ApplicationNameConverter]
12:03:01,978 |-INFO in ch.qos.logback.core.joran.action.ConversionRuleAction - registering conversion word clr with class [org.springframework.boot.logging.logback.ColorConverter]
12:03:01,978 |-INFO in ch.qos.logback.core.joran.action.ConversionRuleAction - registering conversion word correlationId with class [org.springframework.boot.logging.logback.CorrelationIdConverter]
12:03:01,978 |-INFO in ch.qos.logback.core.joran.action.ConversionRuleAction - registering conversion word wex with class [org.springframework.boot.logging.logback.WhitespaceThrowableProxyConverter]
12:03:01,978 |-INFO in ch.qos.logback.core.joran.action.ConversionRuleAction - registering conversion word wEx with class [org.springframework.boot.logging.logback.ExtendedWhitespaceThrowableProxyConverter]
12:03:01,978 |-INFO in ch.qos.logback.classic.model.processor.LoggerModelHandler - Setting level of logger [org.apache.catalina.startup.DigesterFactory] to ERROR
12:03:01,978 |-INFO in ch.qos.logback.classic.jul.LevelChangePropagator@286b39c2 - Propagating ERROR level on Logger[org.apache.catalina.startup.DigesterFactory] onto the JUL framework
12:03:01,978 |-INFO in ch.qos.logback.classic.model.processor.LoggerModelHandler - Setting level of logger [org.apache.catalina.util.LifecycleBase] to ERROR
12:03:01,978 |-INFO in ch.qos.logback.classic.jul.LevelChangePropagator@286b39c2 - Propagating ERROR level on Logger[org.apache.catalina.util.LifecycleBase] onto the JUL framework
12:03:01,978 |-INFO in ch.qos.logback.classic.model.processor.LoggerModelHandler - Setting level of logger [org.apache.coyote.http11.Http11NioProtocol] to WARN
12:03:01,978 |-INFO in ch.qos.logback.classic.jul.LevelChangePropagator@286b39c2 - Propagating WARN level on Logger[org.apache.coyote.http11.Http11NioProtocol] onto the JUL framework
12:03:01,978 |-INFO in ch.qos.logback.classic.model.processor.LoggerModelHandler - Setting level of logger [org.apache.sshd.common.util.SecurityUtils] to WARN
12:03:01,978 |-INFO in ch.qos.logback.classic.jul.LevelChangePropagator@286b39c2 - Propagating WARN level on Logger[org.apache.sshd.common.util.SecurityUtils] onto the JUL framework
12:03:01,978 |-INFO in ch.qos.logback.classic.model.processor.LoggerModelHandler - Setting level of logger [org.apache.tomcat.util.net.NioSelectorPool] to WARN
12:03:01,978 |-INFO in ch.qos.logback.classic.jul.LevelChangePropagator@286b39c2 - Propagating WARN level on Logger[org.apache.tomcat.util.net.NioSelectorPool] onto the JUL framework
12:03:01,978 |-INFO in ch.qos.logback.classic.model.processor.LoggerModelHandler - Setting level of logger [org.eclipse.jetty.util.component.AbstractLifeCycle] to ERROR
12:03:01,978 |-INFO in ch.qos.logback.classic.jul.LevelChangePropagator@286b39c2 - Propagating ERROR level on Logger[org.eclipse.jetty.util.component.AbstractLifeCycle] onto the JUL framework
12:03:01,978 |-INFO in ch.qos.logback.classic.model.processor.LoggerModelHandler - Setting level of logger [org.hibernate.validator.internal.util.Version] to WARN
12:03:01,978 |-INFO in ch.qos.logback.classic.jul.LevelChangePropagator@286b39c2 - Propagating WARN level on Logger[org.hibernate.validator.internal.util.Version] onto the JUL framework
12:03:01,978 |-INFO in ch.qos.logback.classic.model.processor.LoggerModelHandler - Setting level of logger [org.springframework.boot.actuate.endpoint.jmx] to WARN
12:03:01,978 |-INFO in ch.qos.logback.classic.jul.LevelChangePropagator@286b39c2 - Propagating WARN level on Logger[org.springframework.boot.actuate.endpoint.jmx] onto the JUL framework
12:03:01,978 |-INFO in ch.qos.logback.core.model.processor.AppenderModelHandler - Processing appender named [CONSOLE]
12:03:01,978 |-INFO in ch.qos.logback.core.model.processor.AppenderModelHandler - About to instantiate appender of type [ch.qos.logback.core.ConsoleAppender]
12:03:01,993 |-INFO in ch.qos.logback.core.model.processor.ImplicitModelHandler - Assuming default type [ch.qos.logback.classic.encoder.PatternLayoutEncoder] for [encoder] property
12:03:02,009 |-WARN in ch.qos.logback.core.model.processor.AppenderModelHandler - Appender named [FILE] not referenced. Skipping further processing.
12:03:02,009 |-INFO in ch.qos.logback.classic.model.processor.RootLoggerModelHandler - Setting level of ROOT logger to INFO
12:03:02,009 |-INFO in ch.qos.logback.classic.jul.LevelChangePropagator@286b39c2 - Propagating INFO level on Logger[ROOT] onto the JUL framework
12:03:02,009 |-INFO in ch.qos.logback.core.model.processor.AppenderRefModelHandler - Attaching appender named [CONSOLE] to Logger[ROOT]
12:03:02,009 |-INFO in ch.qos.logback.core.model.processor.DefaultProcessor@5432050b - End of configuration.
12:03:02,009 |-INFO in org.springframework.boot.logging.logback.SpringBootJoranConfigurator@75f2099 - Registering current configuration as safe fallback point


  .   ____          _            __ _ _
 /\\ / ___'_ __ _ _(_)_ __  __ _ \ \ \ \
( ( )\___ | '_ | '_| | '_ \/ _` | \ \ \ \
 \\/  ___)| |_)| | | | | || (_| |  ) ) ) )
  '  |____| .__|_| |_|_| |_\__, | / / / /
 =========|_|==============|___/=/_/_/_/

 :: Spring Boot ::                (v3.3.1)

2024-07-09T12:03:02.076+08:00  INFO 4160 --- [fastermaker] [           main] c.f.m.s.laboratory.ConfigLoadOrderTests  : Starting ConfigLoadOrderTests using Java 17.0.11 with PID 4160 (started by HONOR in E:\IdeaProject\fastermaker-boot)
2024-07-09T12:03:02.076+08:00  INFO 4160 --- [fastermaker] [           main] c.f.m.s.laboratory.ConfigLoadOrderTests  : The following 1 profile is active: "dev"
Logging initialized using 'class org.apache.ibatis.logging.stdout.StdOutImpl' adapter.
Can not find table primary key in Class: "com.fastermaker.modules.system.model.entity.SysRoleMenu".
2024-07-09T12:03:04.879+08:00  WARN 4160 --- [fastermaker] [           main] c.b.m.core.injector.DefaultSqlInjector   : class com.fastermaker.modules.system.model.entity.SysRoleMenu ,Not found @TableId annotation, Cannot use Mybatis-Plus 'xxById' Method.
Can not find table primary key in Class: "com.fastermaker.modules.system.model.entity.SysUserRole".
2024-07-09T12:03:04.936+08:00  WARN 4160 --- [fastermaker] [           main] c.b.m.core.injector.DefaultSqlInjector   : class com.fastermaker.modules.system.model.entity.SysUserRole ,Not found @TableId annotation, Cannot use Mybatis-Plus 'xxById' Method.
Initialization Sequence datacenterId:29 workerId:30
 _ _   |_  _ _|_. ___ _ |    _ 
| | |\/|_)(_| | |_\  |_)||_|_\ 
     /               |         
                        3.5.5 
2024-07-09T12:03:05.046+08:00  INFO 4160 --- [fastermaker] [           main] c.f.m.s.s.impl.SysRoleMenuServiceImpl    : 鍒濆鍖栨潈闄愮紦瀛�... 
Creating a new SqlSession
SqlSession [org.apache.ibatis.session.defaults.DefaultSqlSession@75cacb3e] was not registered for synchronization because synchronization is not active
2024-07-09T12:03:05.404+08:00  INFO 4160 --- [fastermaker] [           main] com.alibaba.druid.pool.DruidDataSource   : {dataSource-1} inited
JDBC Connection [ConnectionProxyImpl{connectedTime=2024-07-09 12:03:05.388, closeCount=0, lastValidateTimeMillis=2024-07-09 12:03:05.388}] will not be managed by Spring
==>  Preparing: SELECT t3.perm, t2.`code` role_code FROM `sys_role_menu` t1 INNER JOIN sys_role t2 ON t1.role_id = t2.id AND t2.is_deleted = 0 AND t2.`status` = 1 INNER JOIN sys_menu t3 ON t1.menu_id = t3.id WHERE type = '4'
==> Parameters: 
<==    Columns: perm, role_code
<==        Row: sys:user:save, ADMIN
<==        Row: sys:user:update, ADMIN
<==        Row: sys:user:delete, ADMIN
<==        Row: sys:role:save, ADMIN
<==        Row: sys:role:update, ADMIN
<==        Row: sys:role:delete, ADMIN
<==        Row: sys:menu:save, ADMIN
<==        Row: sys:menu:update, ADMIN
<==        Row: sys:menu:delete, ADMIN
<==        Row: sys:dept:save, ADMIN
<==        Row: sys:dept:update, ADMIN
<==        Row: sys:dept:delete, ADMIN
<==        Row: sys:dict_type:save, ADMIN
<==        Row: sys:dict_type:update, ADMIN
<==        Row: sys:dict_type:delete, ADMIN
<==        Row: sys:dict:save, ADMIN
<==        Row: sys:dict:update, ADMIN
<==        Row: sys:dict:delete, ADMIN
<==        Row: sys:user:password:reset, ADMIN
<==        Row: sys:user:list, ADMIN
<==        Row: sys:role:list, ADMIN
<==        Row: sys:menu:list, ADMIN
<==        Row: sys:dept:list, ADMIN
<==        Row: sys:dict:list, ADMIN
<==        Row: sys:log:list, ADMIN
<==        Row: tool:generator:list, ADMIN
<==        Row: tool:generator:save, ADMIN
<==        Row: tool:generator:update, ADMIN
<==        Row: tool:generator:delete, ADMIN
<==        Row: system:param:list, ADMIN
<==        Row: system:param:save, ADMIN
<==        Row: system:param:update, ADMIN
<==        Row: system:param:delete, ADMIN
<==      Total: 33
Closing non transactional SqlSession [org.apache.ibatis.session.defaults.DefaultSqlSession@75cacb3e]
2024-07-09T12:03:05.735+08:00  INFO 4160 --- [fastermaker] [           main] r$InitializeUserDetailsManagerConfigurer : Global AuthenticationManager configured with UserDetailsService bean with name sysUserDetailsService
2024-07-09T12:03:06.606+08:00  WARN 4160 --- [fastermaker] [           main] o.s.s.c.a.web.builders.WebSecurity       : You are asking Spring Security to ignore Deferred [Mvc [pattern='/v3/api-docs/**'], Ant [pattern='/v3/api-docs/**']]. This is not recommended -- please use permitAll via HttpSecurity#authorizeHttpRequests instead.
2024-07-09T12:03:06.606+08:00  WARN 4160 --- [fastermaker] [           main] o.s.s.c.a.web.builders.WebSecurity       : You are asking Spring Security to ignore Deferred [Mvc [pattern='/doc.html'], Ant [pattern='/doc.html']]. This is not recommended -- please use permitAll via HttpSecurity#authorizeHttpRequests instead.
2024-07-09T12:03:06.606+08:00  WARN 4160 --- [fastermaker] [           main] o.s.s.c.a.web.builders.WebSecurity       : You are asking Spring Security to ignore Deferred [Mvc [pattern='/swagger-resources/**'], Ant [pattern='/swagger-resources/**']]. This is not recommended -- please use permitAll via HttpSecurity#authorizeHttpRequests instead.
2024-07-09T12:03:06.606+08:00  WARN 4160 --- [fastermaker] [           main] o.s.s.c.a.web.builders.WebSecurity       : You are asking Spring Security to ignore Deferred [Mvc [pattern='/webjars/**'], Ant [pattern='/webjars/**']]. This is not recommended -- please use permitAll via HttpSecurity#authorizeHttpRequests instead.
2024-07-09T12:03:06.606+08:00  WARN 4160 --- [fastermaker] [           main] o.s.s.c.a.web.builders.WebSecurity       : You are asking Spring Security to ignore Deferred [Mvc [pattern='/swagger-ui/**'], Ant [pattern='/swagger-ui/**']]. This is not recommended -- please use permitAll via HttpSecurity#authorizeHttpRequests instead.
2024-07-09T12:03:06.606+08:00  WARN 4160 --- [fastermaker] [           main] o.s.s.c.a.web.builders.WebSecurity       : You are asking Spring Security to ignore Deferred [Mvc [pattern='/swagger-ui.html'], Ant [pattern='/swagger-ui.html']]. This is not recommended -- please use permitAll via HttpSecurity#authorizeHttpRequests instead.
2024-07-09T12:03:06.606+08:00  WARN 4160 --- [fastermaker] [           main] o.s.s.c.a.web.builders.WebSecurity       : You are asking Spring Security to ignore Deferred [Mvc [pattern='/api/v1/auth/captcha'], Ant [pattern='/api/v1/auth/captcha']]. This is not recommended -- please use permitAll via HttpSecurity#authorizeHttpRequests instead.
2024-07-09T12:03:06.606+08:00  WARN 4160 --- [fastermaker] [           main] o.s.s.c.a.web.builders.WebSecurity       : You are asking Spring Security to ignore Deferred [Mvc [pattern='/ws/**'], Ant [pattern='/ws/**']]. This is not recommended -- please use permitAll via HttpSecurity#authorizeHttpRequests instead.
2024-07-09T12:03:06.606+08:00  WARN 4160 --- [fastermaker] [           main] o.s.s.c.a.web.builders.WebSecurity       : You are asking Spring Security to ignore Deferred [Mvc [pattern='/ws-app/**'], Ant [pattern='/ws-app/**']]. This is not recommended -- please use permitAll via HttpSecurity#authorizeHttpRequests instead.
2024-07-09T12:03:06.606+08:00  WARN 4160 --- [fastermaker] [           main] o.s.s.c.a.web.builders.WebSecurity       : You are asking Spring Security to ignore Deferred [Mvc [pattern='/druid/**'], Ant [pattern='/druid/**']]. This is not recommended -- please use permitAll via HttpSecurity#authorizeHttpRequests instead.
2024-07-09T12:03:06.606+08:00  WARN 4160 --- [fastermaker] [           main] o.s.s.c.a.web.builders.WebSecurity       : You are asking Spring Security to ignore Deferred [Mvc [pattern='/api/v1/generator/download/**'], Ant [pattern='/api/v1/generator/download/**']]. This is not recommended -- please use permitAll via HttpSecurity#authorizeHttpRequests instead.
2024-07-09T12:03:07.196+08:00  INFO 4160 --- [fastermaker] [           main] c.f.m.s.laboratory.ConfigLoadOrderTests  : Started ConfigLoadOrderTests in 5.562 seconds (process running for 6.851)
2024-07-09T12:03:08.234+08:00  INFO 4160 --- [fastermaker] [           main] c.f.m.s.laboratory.ConfigLoadOrderTests  : null
]]></system-out>
  </testcase>
</testsuite>